Build started 16.10.2019 13:21:59.
     1>Project "E:\Matrix\Matrix\Matrix.vcxproj" on node 2 (build target(s)).
     1>InitializeBuildStatus:
         Touching "Debug\Matrix.unsuccessfulbuild".
       ClCompile:
         C:\Program Files (x86)\Microsoft Visual Studio 10.0\VC\bin\CL.exe /c /ZI /nologo /W3 /WX- /Od /Oy- /D _MBCS /Gm /EHsc /RTC1 /MDd /GS /fp:precise /Zc:wchar_t /Zc:forScope /Fo"Debug\\" /Fd"Debug\vc100.pdb" /Gd /TP /analyze- /errorReport:prompt headers.cpp
         headers.cpp
       Link:
         C:\Program Files (x86)\Microsoft Visual Studio 10.0\VC\bin\link.exe /ERRORREPORT:PROMPT /OUT:"E:\Matrix\Debug\Matrix.exe" /NOLOGO kernel32.lib user32.lib gdi32.lib winspool.lib comdlg32.lib advapi32.lib shell32.lib ole32.lib oleaut32.lib uuid.lib odbc32.lib odbccp32.lib /MANIFEST /ManifestFile:"Debug\Matrix.exe.intermediate.manifest" /MANIFESTUAC:"level='asInvoker' uiAccess='false'" /DEBUG /PDB:"E:\Matrix\Debug\Matrix.pdb" /TLBID:1 /DYNAMICBASE /NXCOMPAT /IMPLIB:"E:\Matrix\Debug\Matrix.lib" /MACHINE:X86 Debug\headers.obj
         Debug\main.obj
         LINK : E:\Matrix\Debug\Matrix.exe not found or not built by the last incremental link; performing full link
         Matrix.vcxproj -> E:\Matrix\Debug\Matrix.exe
       Manifest:
         C:\Program Files (x86)\Microsoft SDKs\Windows\v7.0A\bin\mt.exe /nologo /verbose /outputresource:"E:\Matrix\Debug\Matrix.exe;#1" /manifest Debug\Matrix.exe.intermediate.manifest
       FinalizeBuildStatus:
         Deleting file "Debug\Matrix.unsuccessfulbuild".
         Touching "Debug\Matrix.lastbuildstate".
     1>Done Building Project "E:\Matrix\Matrix\Matrix.vcxproj" (build target(s)).

Build succeeded.

Time Elapsed 00:00:04.78
